Performing C SOURCE FILE Test CMAKE_HAVE_LIBC_PTHREAD failed with the following output:
Change Dir: /Users/bojay.l/Developer/Rokid/FReg/s-app/app/.cxx/Debug/371f3n3n/arm64-v8a/CMakeFiles/CMakeTmp

Run Build Command(s):/Users/bojay.l/Library/Android/sdk/cmake/3.22.1/bin/ninja cmTC_1140b && [1/2] Building C object CMakeFiles/cmTC_1140b.dir/src.c.o
FAILED: CMakeFiles/cmTC_1140b.dir/src.c.o 
/Users/bojay.l/Library/Android/sdk/ndk/27.0.12077973/toolchains/llvm/prebuilt/darwin-x86_64/bin/clang --target=aarch64-none-linux-android31 --sysroot=/Users/bojay.l/Library/Android/sdk/ndk/27.0.12077973/toolchains/llvm/prebuilt/darwin-x86_64/sysroot -DCMAKE_HAVE_LIBC_PTHREAD  -g -DANDROID -fdata-sections -ffunction-sections -funwind-tables -fstack-protector-strong -no-canonical-prefixes -D_FORTIFY_SOURCE=2 -Wformat -Werror=format-security   -fPIE -MD -MT CMakeFiles/cmTC_1140b.dir/src.c.o -MF CMakeFiles/cmTC_1140b.dir/src.c.o.d -o CMakeFiles/cmTC_1140b.dir/src.c.o -c /Users/bojay.l/Developer/Rokid/FReg/s-app/app/.cxx/Debug/371f3n3n/arm64-v8a/CMakeFiles/CMakeTmp/src.c
/Users/bojay.l/Developer/Rokid/FReg/s-app/app/.cxx/Debug/371f3n3n/arm64-v8a/CMakeFiles/CMakeTmp/src.c:13:3: error: call to undeclared function 'pthread_cancel'; ISO C99 and later do not support implicit function declarations [-Wimplicit-function-declaration]
   13 |   pthread_cancel(thread);
      |   ^
/Users/bojay.l/Developer/Rokid/FReg/s-app/app/.cxx/Debug/371f3n3n/arm64-v8a/CMakeFiles/CMakeTmp/src.c:13:3: note: did you mean 'pthread_once'?
/Users/bojay.l/Library/Android/sdk/ndk/27.0.12077973/toolchains/llvm/prebuilt/darwin-x86_64/sysroot/usr/include/pthread.h:264:5: note: 'pthread_once' declared here
  264 | int pthread_once(pthread_once_t* _Nonnull __once, void (* _Nonnull __init_routine)(void));
      |     ^
1 error generated.
ninja: build stopped: subcommand failed.


Source file was:
#include <pthread.h>

static void* test_func(void* data)
{
  return data;
}

int main(void)
{
  pthread_t thread;
  pthread_create(&thread, NULL, test_func, NULL);
  pthread_detach(thread);
  pthread_cancel(thread);
  pthread_join(thread, NULL);
  pthread_atfork(NULL, NULL, NULL);
  pthread_exit(NULL);

  return 0;
}

